#
# A fatal error has been detected by the Java Runtime Environment:
#
#  SIGBUS (0x7) at pc=0x00007f9970268eed, pid=5621, tid=0x00007f991dfb4700
#
# JRE version: OpenJDK Runtime Environment (8.0_111-b14) (build 1.8.0_111-8u111-b14-2ubuntu0.16.04.2-b14)
# Java VM: OpenJDK 64-Bit Server VM (25.111-b14 mixed mode linux-amd64 compressed oops)
# Problematic frame:
# C  [libzip.so+0x4eed]
#
# Failed to write core dump. Core dumps have been disabled. To enable core dumping, try "ulimit -c unlimited" before starting Java again
#
# If you would like to submit a bug report, please visit:
#   http://bugreport.java.com/bugreport/crash.jsp
# The crash happened outside the Java Virtual Machine in native code.
# See problematic frame for where to report the bug.
#

---------------  T H R E A D  ---------------

Current thread (0x00007f9920002000):  JavaThread "Thread-11" [_thread_in_native, id=7525, stack(0x00007f991deb4000,0x00007f991dfb5000)]

siginfo: si_signo: 7 (SIGBUS), si_code: 2 (BUS_ADRERR), si_addr: 0x00007f99454b1825

Registers:
RAX=0x00007f99285c4160, RBX=0x00007f996c1e0a60, RCX=0x00007f99454b1805, RDX=0x00007f99285c4160
RSP=0x00007f991dfb1730, RBP=0x00007f991dfb17a0, RSI=0x0000000000000340, RDI=0x00007f991dfb16b0
R8 =0x000000009ac6435b, R9 =0x00007f9972a86fe0, R10=0x00007f99280000b8, R11=0x00000000d9a450c0
R12=0x00007f996c1f9978, R13=0x00007f991dfb183a, R14=0x00007f9908039c00, R15=0x00007f99285c4160
RIP=0x00007f9970268eed, EFLAGS=0x0000000000010206, CSGSFS=0x0000000000000033, ERR=0x0000000000000004
  TRAPNO=0x000000000000000e

Top of Stack: (sp=0x00007f991dfb1730)
0x00007f991dfb1730:   00007f991dfb1ce0 00007f991dfb1cd0
0x00007f991dfb1740:   00007f997264e311 00007f991dfb1e80
0x00007f991dfb1750:   0000000000000000 00007f99731588ed
0x00007f991dfb1760:   0000000020002000 00007f9972409a40
0x00007f991dfb1770:   000000000000002b 00007f996c1f9970
0x00007f991dfb1780:   000000009ac6435b 00007f991dfb183a
0x00007f991dfb1790:   00007f9908039c00 00007f996c1e0a60
0x00007f991dfb17a0:   00007f991dfb17f0 00007f9970269c84
0x00007f991dfb17b0:   00007f991dfb1810 0000002b01d91c00
0x00007f991dfb17c0:   00007f991dfb17f0 000000000000002b
0x00007f991dfb17d0:   00007f99200021e0 00000000855044a8
0x00007f991dfb17e0:   00007f991dfb1c68 00007f996c1e0a60
0x00007f991dfb17f0:   00007f991dfb1c50 00007f9970267bec
0x00007f991dfb1800:   00007f991dfb1810 0000000100000000
0x00007f991dfb1810:   696c63652f67726f 7474656a2f657370
0x00007f991dfb1820:   462f6c6974752f79 6c61436572757475
0x00007f991dfb1830:   6c632e6b6361626c 00007f9900737361
0x00007f991dfb1840:   0000000000000000 00007f99731588ed
0x00007f991dfb1850:   00007f9972638d7e 00007f991dfb1f80
0x00007f991dfb1860:   0000000000000000 00007f991dfb1938
0x00007f991dfb1870:   00007f991dfb1928 0000003000000000
0x00007f991dfb1880:   00007f9900000000 00007f991dfb1940
0x00007f991dfb1890:   00007f9900000000 0000000000000000
0x00007f991dfb18a0:   0000000000000000 00007f991dfb1920
0x00007f991dfb18b0:   0000000000000000 0000000000000000
0x00007f991dfb18c0:   00007f991dfb1950 0000000000000000
0x00007f991dfb18d0:   0000000000000000 00007f9900000038
0x00007f991dfb18e0:   0000000000000000 0000000000000038
0x00007f991dfb18f0:   00007f997264e313 0000000100000000
0x00007f991dfb1900:   00007f991dfb19a0 0000000000000000
0x00007f991dfb1910:   ffffffffffffffff 0000000000000000
0x00007f991dfb1920:   00007f991dfb19c0 00007f997264e313 

Instructions: (pc=0x00007f9970268eed)
0x00007f9970268ecd:   40 30 00 00 00 00 48 c7 40 28 00 00 00 00 0f 84
0x00007f9970268edd:   bf 01 00 00 49 8b 0c 24 48 2b 4b 28 48 03 4b 18
0x00007f9970268eed:   0f b7 41 20 44 0f b7 69 1c 49 89 ce 44 0f b7 61
0x00007f9970268efd:   1e 89 45 c0 41 8b 46 0c 48 c7 45 c8 00 00 00 00 

Register to memory mapping:

RAX=0x00007f99285c4160 is an unknown value
RBX=0x00007f996c1e0a60 is an unknown value
RCX=0x00007f99454b1805 is an unknown value
RDX=0x00007f99285c4160 is an unknown value
RSP=0x00007f991dfb1730 is pointing into the stack for thread: 0x00007f9920002000
RBP=0x00007f991dfb17a0 is pointing into the stack for thread: 0x00007f9920002000
RSI=0x0000000000000340 is an unknown value
RDI=0x00007f991dfb16b0 is pointing into the stack for thread: 0x00007f9920002000
R8 =0x000000009ac6435b is an unallocated location in the heap
R9 =0x00007f9972a86fe0: <offset 0xef0fe0> in /usr/lib/jvm/java-8-openjdk-amd64/jre/lib/amd64/server/libjvm.so at 0x00007f9971b96000
R10=0x00007f99280000b8 is an unknown value
R11=0x00000000d9a450c0 is an oop
