#
# A fatal error has been detected by the Java Runtime Environment:
#
#  SIGBUS (0x7) at pc=0x00007f8b4d0ebeed, pid=26386, tid=0x00007f8ad2d58700
#
# JRE version: OpenJDK Runtime Environment (8.0_111-b14) (build 1.8.0_111-8u111-b14-2ubuntu0.16.04.2-b14)
# Java VM: OpenJDK 64-Bit Server VM (25.111-b14 mixed mode linux-amd64 compressed oops)
# Problematic frame:
# C  [libzip.so+0x4eed]
#
# Failed to write core dump. Core dumps have been disabled. To enable core dumping, try "ulimit -c unlimited" before starting Java again
#
# If you would like to submit a bug report, please visit:
#   http://bugreport.java.com/bugreport/crash.jsp
# The crash happened outside the Java Virtual Machine in native code.
# See problematic frame for where to report the bug.
#

---------------  T H R E A D  ---------------

Current thread (0x00007f8ad4005000):  JavaThread "Thread-11" [_thread_in_native, id=31722, stack(0x00007f8ad2c58000,0x00007f8ad2d59000)]

siginfo: si_signo: 7 (SIGBUS), si_code: 2 (BUS_ADRERR), si_addr: 0x00007f8b2a394b2b

Registers:
RAX=0x00007f8adc000bb0, RBX=0x00007f8b481d18f0, RCX=0x00007f8b2a394b0b, RDX=0x00007f8adc000bb0
RSP=0x00007f8ad2d55730, RBP=0x00007f8ad2d557a0, RSI=0x00007f8adc000038, RDI=0x0000000000000003
R8 =0x0000000000000000, R9 =0x00007f8b4f909fe0, R10=0x00007f8adc000ba0, R11=0x00000000da3b2868
R12=0x00007f8b481f3048, R13=0x00007f8ad2d5583a, R14=0x00007f8af000d200, R15=0x00007f8adc000bb0
RIP=0x00007f8b4d0ebeed, EFLAGS=0x0000000000010202, CSGSFS=0x0000000000000033, ERR=0x0000000000000004
  TRAPNO=0x000000000000000e

Top of Stack: (sp=0x00007f8ad2d55730)
0x00007f8ad2d55730:   00007f8ad2d55ce0 00007f8ad2d55cd0
0x00007f8ad2d55740:   00007f8b4f4d1311 00007f8ad2d55e80
0x00007f8ad2d55750:   0000000000000000 00007f8b4ffdb8ed
0x00007f8ad2d55760:   00000000d4005000 00007f8b4f28ca40
0x00007f8ad2d55770:   000000000000002b 00007f8b481f3040
0x00007f8ad2d55780:   000000009ac6435b 00007f8ad2d5583a
0x00007f8ad2d55790:   00007f8af000d200 00007f8b481d18f0
0x00007f8ad2d557a0:   00007f8ad2d557f0 00007f8b4d0ecc84
0x00007f8ad2d557b0:   00007f8ad2d55810 0000002b01495400
0x00007f8ad2d557c0:   00007f8ad2d557f0 000000000000002b
0x00007f8ad2d557d0:   00007f8ad40051e0 00000000855005c0
0x00007f8ad2d557e0:   00007f8ad2d55c68 00007f8b481d18f0
0x00007f8ad2d557f0:   00007f8ad2d55c50 00007f8b4d0eabec
0x00007f8ad2d55800:   00007f8ad2d55810 0000000100000000
0x00007f8ad2d55810:   696c63652f67726f 7474656a2f657370
0x00007f8ad2d55820:   462f6c6974752f79 6c61436572757475
0x00007f8ad2d55830:   6c632e6b6361626c 00007f8a00737361
0x00007f8ad2d55840:   0000000000000000 00007f8b4ffdb8ed
0x00007f8ad2d55850:   00007f8b4f4bbd7e 00007f8ad2d55f80
0x00007f8ad2d55860:   0000000000000000 00007f8ad2d55938
0x00007f8ad2d55870:   00007f8ad2d55928 0000003000000000
0x00007f8ad2d55880:   00007f8a00000000 00007f8ad2d55940
0x00007f8ad2d55890:   00007f8a00000000 0000000000000000
0x00007f8ad2d558a0:   0000000000000000 00007f8ad2d55920
0x00007f8ad2d558b0:   0000000000000000 0000000000000000
0x00007f8ad2d558c0:   00007f8ad2d55950 0000000000000000
0x00007f8ad2d558d0:   0000000000000000 00007f8a00000038
0x00007f8ad2d558e0:   0000000000000000 0000000000000038
0x00007f8ad2d558f0:   00007f8b4f4d1313 0000000100000000
0x00007f8ad2d55900:   00007f8ad2d559a0 0000000000000000
0x00007f8ad2d55910:   ffffffffffffffff 0000000000000000
0x00007f8ad2d55920:   00007f8ad2d559c0 00007f8b4f4d1313 

Instructions: (pc=0x00007f8b4d0ebeed)
0x00007f8b4d0ebecd:   40 30 00 00 00 00 48 c7 40 28 00 00 00 00 0f 84
0x00007f8b4d0ebedd:   bf 01 00 00 49 8b 0c 24 48 2b 4b 28 48 03 4b 18
0x00007f8b4d0ebeed:   0f b7 41 20 44 0f b7 69 1c 49 89 ce 44 0f b7 61
0x00007f8b4d0ebefd:   1e 89 45 c0 41 8b 46 0c 48 c7 45 c8 00 00 00 00 

Register to memory mapping:

RAX=0x00007f8adc000bb0 is an unknown value
RBX=0x00007f8b481d18f0 is an unknown value
RCX=0x00007f8b2a394b0b is an unknown value
RDX=0x00007f8adc000bb0 is an unknown value
RSP=0x00007f8ad2d55730 is pointing into the stack for thread: 0x00007f8ad4005000
RBP=0x00007f8ad2d557a0 is pointing into the stack for thread: 0x00007f8ad4005000
RSI=0x00007f8adc000038 is an unknown value
RDI=0x0000000000000003 is an unknown value
R8 =0x0000000000000000 is an unknown value
R9 =0x00007f8b4f909fe0: <offset 0xef0fe0> in /usr/lib/jvm/java-8-openjdk-amd64/jre/lib/amd64/server/libjvm.so at 0x00007f8b4ea19000
R10=0x00007f8adc000ba0 is an unknown value
R11=0x00000000da3b2868 is an oop
